<?xml version="1.0" encoding="UTF-8"?>
<!-- Generated by org.testng.reporters.JUnitReportReporter -->
<testsuite hostname="Pika-laptop-HP" failures="0" tests="2" name="testCases.TC002_LoginTest" time="38.650" errors="0" timestamp="2025-07-15T17:31:32 WIB" skipped="0">
  <testcase classname="testCases.TC002_LoginTest" name="verifyLogin" time="24.980"/>
  <testcase classname="testCases.TC002_LoginTest" name="verifyLogin" time="13.670"/>
</testsuite> <!-- testCases.TC002_LoginTest -->
