<?xml version="1.0" encoding="UTF-8"?>
<!-- Generated by org.testng.reporters.JUnitReportReporter -->
<testsuite hostname="Pika-laptop-HP" failures="0" tests="2" name="testCases.TC001_AccountRegistrationTest" time="70.603" errors="0" timestamp="2025-07-15T16:29:27 WIB" skipped="0">
  <testcase classname="testCases.TC001_AccountRegistrationTest" name="verifyAccountRegistration" time="37.848"/>
  <testcase classname="testCases.TC001_AccountRegistrationTest" name="verifyAccountRegistration" time="32.755"/>
</testsuite> <!-- testCases.TC001_AccountRegistrationTest -->
