<?xml version="1.0" encoding="UTF-8"?>
<!-- Generated by org.testng.reporters.JUnitReportReporter -->
<testsuite hostname="Pika-laptop-HP" failures="0" tests="1" name="testCases.TC002_LoginTest" time="6.140" errors="0" timestamp="2025-07-16T11:27:15 WIB" skipped="0">
  <testcase classname="testCases.TC002_LoginTest" name="verifyLogin" time="6.140"/>
</testsuite> <!-- testCases.TC002_LoginTest -->
