<?xml version="1.0" encoding="UTF-8"?>
<!-- Generated by org.testng.reporters.JUnitReportReporter -->
<testsuite hostname="Pika-laptop-HP" failures="0" tests="1" name="testCases.TC001_AccountRegistrationTest" time="9.712" errors="0" timestamp="2025-07-16T11:27:15 WIB" skipped="0">
  <testcase classname="testCases.TC001_AccountRegistrationTest" name="verifyAccountRegistration" time="9.712"/>
</testsuite> <!-- testCases.TC001_AccountRegistrationTest -->
